36.0 APEX_CODE,FINEST;APEX_PROFILING,INFO;CALLOUT,INFO;DB,INFO;NBA,INFO;SYSTEM,DEBUG;VALIDATION,INFO;VISUALFORCE,INFO;WAVE,INFO;WORKFLOW,INFO
15:20:16.0 (709116)|USER_INFO|[EXTERNAL]|0051U000000q0Vd|emiliano@modelit.xyz|Hora de Argentina|GMT-03:00
15:20:16.0 (767784)|EXECUTION_STARTED
15:20:16.0 (779146)|CODE_UNIT_STARTED|[EXTERNAL]|01p1U000001CpYu|FinancialAdvisorsCalloutTest.testGetRequestCallout()
15:20:16.0 (1675948)|HEAP_ALLOCATE|[72]|Bytes:3
15:20:16.0 (1721513)|HEAP_ALLOCATE|[77]|Bytes:152
15:20:16.0 (1736803)|HEAP_ALLOCATE|[342]|Bytes:408
15:20:16.0 (1751254)|HEAP_ALLOCATE|[355]|Bytes:408
15:20:16.0 (1764266)|HEAP_ALLOCATE|[467]|Bytes:48
15:20:16.0 (1790380)|HEAP_ALLOCATE|[139]|Bytes:6
15:20:16.0 (1808803)|HEAP_ALLOCATE|[EXTERNAL]|Bytes:44
15:20:16.0 (1821388)|METHOD_ENTRY|[2]|01p1U000001CpYu|FinancialAdvisorsCalloutTest.FinancialAdvisorsCalloutTest()
15:20:16.0 (1830366)|STATEMENT_EXECUTE|[2]
15:20:16.0 (1836399)|STATEMENT_EXECUTE|[2]
15:20:16.0 (1840902)|METHOD_EXIT|[2]|FinancialAdvisorsCalloutTest
15:20:16.0 (1896529)|HEAP_ALLOCATE|[50]|Bytes:5
15:20:16.0 (1921178)|HEAP_ALLOCATE|[56]|Bytes:5
15:20:16.0 (1929708)|HEAP_ALLOCATE|[64]|Bytes:7
15:20:16.0 (1977318)|STATEMENT_EXECUTE|[4]
15:20:16.0 (1979634)|STATEMENT_EXECUTE|[6]
15:20:16.0 (2089871)|HEAP_ALLOCATE|[6]|Bytes:16
15:20:16.0 (2111230)|SYSTEM_METHOD_ENTRY|[1]|StaticResourceCalloutMock.StaticResourceCalloutMock()
15:20:16.0 (2116607)|STATEMENT_EXECUTE|[1]
15:20:16.0 (2121670)|SYSTEM_METHOD_EXIT|[1]|StaticResourceCalloutMock
15:20:16.0 (2140165)|HEAP_ALLOCATE|[6]|Bytes:12
15:20:16.0 (2483926)|VARIABLE_SCOPE_BEGIN|[6]|mock|System.StaticResourceCalloutMock|true|false
15:20:16.0 (2713794)|VARIABLE_ASSIGNMENT|[6]|mock|{"res":"System.HttpResponse[Status=OK, StatusCode=200]"}|0x2c2412b2
15:20:16.0 (2724669)|STATEMENT_EXECUTE|[7]
15:20:16.0 (2729857)|HEAP_ALLOCATE|[7]|Bytes:20
15:20:16.0 (2760098)|METHOD_ENTRY|[7]||System.StaticResourceCalloutMock.setStaticResource(String)
15:20:16.0 (2814822)|METHOD_EXIT|[7]||System.StaticResourceCalloutMock.setStaticResource(String)
15:20:16.0 (2822957)|STATEMENT_EXECUTE|[8]
15:20:16.0 (2833785)|METHOD_ENTRY|[8]||System.StaticResourceCalloutMock.setStatusCode(Integer)
15:20:16.0 (2889468)|METHOD_EXIT|[8]||System.StaticResourceCalloutMock.setStatusCode(Integer)
15:20:16.0 (2895591)|STATEMENT_EXECUTE|[10]
15:20:16.0 (2900302)|HEAP_ALLOCATE|[10]|Bytes:22
15:20:16.0 (2987123)|HEAP_ALLOCATE|[10]|Bytes:27
15:20:16.0 (2998985)|SYSTEM_METHOD_ENTRY|[1]|Type.Type()
15:20:16.0 (3003827)|STATEMENT_EXECUTE|[1]
15:20:16.0 (3009525)|SYSTEM_METHOD_EXIT|[1]|Type
15:20:16.0 (3017820)|HEAP_ALLOCATE|[10]|Bytes:8
15:20:16.0 (3039869)|HEAP_ALLOCATE|[10]|Bytes:8
15:20:16.0 (3047994)|VARIABLE_SCOPE_BEGIN|[4]|this|System.Type|true|false
15:20:16.0 (3070970)|VARIABLE_ASSIGNMENT|[4]|this|{}|0x69dadbed
15:20:16.0 (3079889)|VARIABLE_SCOPE_BEGIN|[4]|apextype|java:common.apex.runtime.ApexObjectType|true|false
15:20:16.0 (3145910)|VARIABLE_ASSIGNMENT|[4]|apextype|"System.HttpCalloutMock"|0x178310
15:20:16.0 (3178011)|HEAP_ALLOCATE|[10]|Bytes:8
15:20:16.0 (3215285)|HEAP_ALLOCATE|[10]|Bytes:70
15:20:16.0 (3227284)|SYSTEM_METHOD_ENTRY|[1]|Test.Test()
15:20:16.0 (3236766)|STATEMENT_EXECUTE|[1]
15:20:16.0 (3240667)|SYSTEM_METHOD_EXIT|[1]|Test
15:20:16.0 (3265766)|METHOD_ENTRY|[10]||System.Test.setMock(System.Type, Object)
15:20:16.0 (3475611)|METHOD_EXIT|[10]||System.Test.setMock(System.Type, Object)
15:20:16.0 (3483368)|STATEMENT_EXECUTE|[12]
15:20:16.0 (7495936)|HEAP_ALLOCATE|[12]|Bytes:4
15:20:16.0 (7510866)|HEAP_ALLOCATE|[12]|Bytes:14
15:20:16.0 (7531104)|METHOD_ENTRY|[1]|01p1U000001CkjI|FinancialAdvisorsCallout.FinancialAdvisorsCallout()
15:20:16.0 (7539765)|STATEMENT_EXECUTE|[1]
15:20:16.0 (7546390)|STATEMENT_EXECUTE|[1]
15:20:16.0 (7551111)|METHOD_EXIT|[1]|FinancialAdvisorsCallout
15:20:16.0 (7568380)|METHOD_ENTRY|[12]|01p1U000001CkjI|FinancialAdvisorsCallout.getRequestCallout()
15:20:16.0 (7599303)|STATEMENT_EXECUTE|[3]
15:20:16.0 (7601620)|STATEMENT_EXECUTE|[6]
15:20:16.0 (7662053)|HEAP_ALLOCATE|[6]|Bytes:56
15:20:16.0 (7675029)|HEAP_ALLOCATE|[6]|Bytes:27
15:20:16.0 (7712389)|HEAP_ALLOCATE|[6]|Bytes:29
15:20:16.0 (7723798)|VARIABLE_SCOPE_BEGIN|[6]|formattedDateString|String|false|false
15:20:16.0 (7745915)|VARIABLE_ASSIGNMENT|[6]|formattedDateString|"Mon, 19 Nov 2018 18: (9 more) ..."
15:20:16.0 (7753388)|STATEMENT_EXECUTE|[7]
15:20:16.0 (7756275)|HEAP_ALLOCATE|[7]|Bytes:13
15:20:16.0 (7761705)|VARIABLE_SCOPE_BEGIN|[7]|bucketname|String|false|false
15:20:16.0 (7773705)|VARIABLE_ASSIGNMENT|[7]|bucketname|"sfdc-training"
15:20:16.0 (7779263)|STATEMENT_EXECUTE|[8]
15:20:16.0 (7781804)|HEAP_ALLOCATE|[8]|Bytes:16
15:20:16.0 (7787314)|VARIABLE_SCOPE_BEGIN|[8]|host|String|false|false
15:20:16.0 (7800293)|VARIABLE_ASSIGNMENT|[8]|host|"s3.amazonaws.com"
15:20:16.0 (7805770)|STATEMENT_EXECUTE|[9]
15:20:16.0 (7808284)|HEAP_ALLOCATE|[9]|Bytes:22
15:20:16.0 (7813280)|VARIABLE_SCOPE_BEGIN|[9]|fileName|String|false|false
15:20:16.0 (7825269)|VARIABLE_ASSIGNMENT|[9]|fileName|"FinancialAdvisors.js (2 more) ..."
15:20:16.0 (7830705)|STATEMENT_EXECUTE|[10]
15:20:16.0 (7848202)|VARIABLE_SCOPE_BEGIN|[10]|req|System.HttpRequest|true|false
15:20:16.0 (7909941)|VARIABLE_ASSIGNMENT|[10]|req|"System.HttpRequest[Endpoint=null, Method=null]"|0x1458f726
15:20:16.0 (7918910)|STATEMENT_EXECUTE|[11]
15:20:16.0 (7922277)|HEAP_ALLOCATE|[11]|Bytes:3
15:20:16.0 (7961777)|STATEMENT_EXECUTE|[12]
15:20:16.0 (7965321)|HEAP_ALLOCATE|[12]|Bytes:8
15:20:16.0 (7970903)|HEAP_ALLOCATE|[12]|Bytes:1
15:20:16.0 (7975998)|HEAP_ALLOCATE|[12]|Bytes:1
15:20:16.0 (7991705)|HEAP_ALLOCATE|[12]|Bytes:61
15:20:16.0 (8009597)|STATEMENT_EXECUTE|[13]
15:20:16.0 (8013222)|HEAP_ALLOCATE|[13]|Bytes:4
15:20:16.0 (8022384)|HEAP_ALLOCATE|[13]|Bytes:30
15:20:16.0 (8046233)|STATEMENT_EXECUTE|[14]
15:20:16.0 (8049465)|HEAP_ALLOCATE|[14]|Bytes:10
15:20:16.0 (8056101)|HEAP_ALLOCATE|[14]|Bytes:10
15:20:16.0 (8074774)|STATEMENT_EXECUTE|[15]
15:20:16.0 (8078985)|HEAP_ALLOCATE|[15]|Bytes:4
15:20:16.0 (8094283)|STATEMENT_EXECUTE|[16]
15:20:16.0 (8098451)|HEAP_ALLOCATE|[16]|Bytes:3
15:20:16.0 (8102777)|HEAP_ALLOCATE|[16]|Bytes:17
15:20:16.0 (8119434)|STATEMENT_EXECUTE|[18]
15:20:16.0 (9338049)|HEAP_ALLOCATE|[18]|Bytes:8
15:20:16.0 (9363571)|VARIABLE_SCOPE_BEGIN|[18]|credentials|s3Credentials__c|true|false
15:20:16.0 (9388838)|VARIABLE_ASSIGNMENT|[18]|credentials|{"SetupOwnerId":"0051U000000q0VdQAI"}|0x1e98bc77
15:20:16.0 (9395979)|STATEMENT_EXECUTE|[19]
15:20:16.0 (9402784)|VARIABLE_SCOPE_BEGIN|[19]|key|String|false|false
15:20:16.0 (9416274)|VARIABLE_ASSIGNMENT|[19]|key|null
15:20:16.0 (9421544)|STATEMENT_EXECUTE|[20]
15:20:16.0 (9424509)|VARIABLE_SCOPE_BEGIN|[20]|secret|String|false|false
15:20:16.0 (9434887)|VARIABLE_ASSIGNMENT|[20]|secret|null
15:20:16.0 (9441175)|STATEMENT_EXECUTE|[22]
15:20:16.0 (9445116)|HEAP_ALLOCATE|[22]|Bytes:6
15:20:16.0 (9450955)|HEAP_ALLOCATE|[22]|Bytes:2
15:20:16.0 (9461139)|HEAP_ALLOCATE|[22]|Bytes:73
15:20:16.0 (9466653)|VARIABLE_SCOPE_BEGIN|[22]|stringToSign|String|false|false
15:20:16.0 (9482112)|VARIABLE_ASSIGNMENT|[22]|stringToSign|"GET\n\n\nMon, 19 Nov 20 (53 more) ..."
15:20:16.0 (9487081)|STATEMENT_EXECUTE|[24]
15:20:16.0 (9490480)|HEAP_ALLOCATE|[24]|Bytes:8
15:20:16.0 (9565721)|HEAP_ALLOCATE|[24]|Bytes:4
15:20:16.0 (9968560)|HEAP_ALLOCATE|[24]|Bytes:28
15:20:16.0 (9989042)|METHOD_EXIT|[12]|01p1U000001CkjI|FinancialAdvisorsCallout.getRequestCallout()
15:20:16.0 (10175891)|FATAL_ERROR|System.NullPointerException: Argument cannot be null.

Class.FinancialAdvisorsCallout.getRequestCallout: line 24, column 1
Class.FinancialAdvisorsCalloutTest.testGetRequestCallout: line 12, column 1
15:20:16.0 (10240694)|FATAL_ERROR|System.NullPointerException: Argument cannot be null.

Class.FinancialAdvisorsCallout.getRequestCallout: line 24, column 1
Class.FinancialAdvisorsCalloutTest.testGetRequestCallout: line 12, column 1
15:20:16.10 (10254829)|CUMULATIVE_LIMIT_USAGE
15:20:16.10 (10254829)|LIMIT_USAGE_FOR_NS|(default)|
  Number of SOQL queries: 0 out of 100
  Number of query rows: 0 out of 50000
  Number of SOSL queries: 0 out of 20
  Number of DML statements: 0 out of 150
  Number of DML rows: 0 out of 10000
  Maximum CPU time: 0 out of 10000
  Maximum heap size: 0 out of 6000000
  Number of callouts: 0 out of 100
  Number of Email Invocations: 0 out of 10
  Number of future calls: 0 out of 50
  Number of queueable jobs added to the queue: 0 out of 50
  Number of Mobile Apex push calls: 0 out of 10

15:20:16.10 (10254829)|CUMULATIVE_LIMIT_USAGE_END

15:20:16.0 (10290789)|CODE_UNIT_FINISHED|FinancialAdvisorsCalloutTest.testGetRequestCallout()
15:20:16.0 (11245783)|EXECUTION_FINISHED
