36.0 APEX_CODE,FINEST;APEX_PROFILING,INFO;CALLOUT,INFO;DB,INFO;NBA,INFO;SYSTEM,DEBUG;VALIDATION,INFO;VISUALFORCE,INFO;WAVE,INFO;WORKFLOW,INFO
15:18:27.0 (616885)|USER_INFO|[EXTERNAL]|0051U000000q0Vd|emiliano@modelit.xyz|Hora de Argentina|GMT-03:00
15:18:27.0 (678481)|EXECUTION_STARTED
15:18:27.0 (685592)|CODE_UNIT_STARTED|[EXTERNAL]|01p1U000001CpYu|FinancialAdvisorsCalloutTest.testGetRequestCallout()
15:18:27.0 (966814)|HEAP_ALLOCATE|[72]|Bytes:3
15:18:27.0 (1009170)|HEAP_ALLOCATE|[77]|Bytes:152
15:18:27.0 (1027651)|HEAP_ALLOCATE|[342]|Bytes:408
15:18:27.0 (1042745)|HEAP_ALLOCATE|[355]|Bytes:408
15:18:27.0 (1058590)|HEAP_ALLOCATE|[467]|Bytes:48
15:18:27.0 (1086983)|HEAP_ALLOCATE|[139]|Bytes:6
15:18:27.0 (1101572)|HEAP_ALLOCATE|[EXTERNAL]|Bytes:44
15:18:27.0 (1114692)|METHOD_ENTRY|[2]|01p1U000001CpYu|FinancialAdvisorsCalloutTest.FinancialAdvisorsCalloutTest()
15:18:27.0 (1123225)|STATEMENT_EXECUTE|[2]
15:18:27.0 (1129760)|STATEMENT_EXECUTE|[2]
15:18:27.0 (1134370)|METHOD_EXIT|[2]|FinancialAdvisorsCalloutTest
15:18:27.0 (1191804)|HEAP_ALLOCATE|[50]|Bytes:5
15:18:27.0 (1219112)|HEAP_ALLOCATE|[56]|Bytes:5
15:18:27.0 (1228558)|HEAP_ALLOCATE|[64]|Bytes:7
15:18:27.0 (1273432)|STATEMENT_EXECUTE|[4]
15:18:27.0 (1276035)|STATEMENT_EXECUTE|[6]
15:18:27.0 (1415772)|HEAP_ALLOCATE|[6]|Bytes:16
15:18:27.0 (1431329)|SYSTEM_METHOD_ENTRY|[1]|StaticResourceCalloutMock.StaticResourceCalloutMock()
15:18:27.0 (1437732)|STATEMENT_EXECUTE|[1]
15:18:27.0 (1442679)|SYSTEM_METHOD_EXIT|[1]|StaticResourceCalloutMock
15:18:27.0 (1454351)|HEAP_ALLOCATE|[6]|Bytes:12
15:18:27.0 (1736166)|VARIABLE_SCOPE_BEGIN|[6]|mock|System.StaticResourceCalloutMock|true|false
15:18:27.0 (2021976)|VARIABLE_ASSIGNMENT|[6]|mock|{"res":"System.HttpResponse[Status=OK, StatusCode=200]"}|0x156036f3
15:18:27.0 (2034314)|STATEMENT_EXECUTE|[7]
15:18:27.0 (2040352)|HEAP_ALLOCATE|[7]|Bytes:20
15:18:27.0 (2071242)|METHOD_ENTRY|[7]||System.StaticResourceCalloutMock.setStaticResource(String)
15:18:27.0 (2120407)|METHOD_EXIT|[7]||System.StaticResourceCalloutMock.setStaticResource(String)
15:18:27.0 (2126077)|STATEMENT_EXECUTE|[8]
15:18:27.0 (2134789)|METHOD_ENTRY|[8]||System.StaticResourceCalloutMock.setStatusCode(Integer)
15:18:27.0 (2188927)|METHOD_EXIT|[8]||System.StaticResourceCalloutMock.setStatusCode(Integer)
15:18:27.0 (2194471)|STATEMENT_EXECUTE|[10]
15:18:27.0 (2198192)|HEAP_ALLOCATE|[10]|Bytes:22
15:18:27.0 (2293005)|HEAP_ALLOCATE|[10]|Bytes:27
15:18:27.0 (2306017)|SYSTEM_METHOD_ENTRY|[1]|Type.Type()
15:18:27.0 (2311522)|STATEMENT_EXECUTE|[1]
15:18:27.0 (2316287)|SYSTEM_METHOD_EXIT|[1]|Type
15:18:27.0 (2323948)|HEAP_ALLOCATE|[10]|Bytes:8
15:18:27.0 (2349877)|HEAP_ALLOCATE|[10]|Bytes:8
15:18:27.0 (2362502)|VARIABLE_SCOPE_BEGIN|[4]|this|System.Type|true|false
15:18:27.0 (2385921)|VARIABLE_ASSIGNMENT|[4]|this|{}|0x74d56f08
15:18:27.0 (2398367)|VARIABLE_SCOPE_BEGIN|[4]|apextype|java:common.apex.runtime.ApexObjectType|true|false
15:18:27.0 (2465455)|VARIABLE_ASSIGNMENT|[4]|apextype|"System.HttpCalloutMock"|0x120358ad
15:18:27.0 (2497251)|HEAP_ALLOCATE|[10]|Bytes:8
15:18:27.0 (2536823)|HEAP_ALLOCATE|[10]|Bytes:70
15:18:27.0 (2549339)|SYSTEM_METHOD_ENTRY|[1]|Test.Test()
15:18:27.0 (2554431)|STATEMENT_EXECUTE|[1]
15:18:27.0 (2558358)|SYSTEM_METHOD_EXIT|[1]|Test
15:18:27.0 (2579435)|METHOD_ENTRY|[10]||System.Test.setMock(System.Type, Object)
15:18:27.0 (2799369)|METHOD_EXIT|[10]||System.Test.setMock(System.Type, Object)
15:18:27.0 (2807576)|STATEMENT_EXECUTE|[12]
15:18:27.0 (8134589)|HEAP_ALLOCATE|[12]|Bytes:4
15:18:27.0 (8148461)|HEAP_ALLOCATE|[12]|Bytes:14
15:18:27.0 (8169743)|METHOD_ENTRY|[1]|01p1U000001CkjI|FinancialAdvisorsCallout.FinancialAdvisorsCallout()
15:18:27.0 (8176697)|STATEMENT_EXECUTE|[1]
15:18:27.0 (8184003)|STATEMENT_EXECUTE|[1]
15:18:27.0 (8188062)|METHOD_EXIT|[1]|FinancialAdvisorsCallout
15:18:27.0 (8205876)|METHOD_ENTRY|[12]|01p1U000001CkjI|FinancialAdvisorsCallout.getRequestCallout()
15:18:27.0 (8235070)|STATEMENT_EXECUTE|[3]
15:18:27.0 (8237234)|STATEMENT_EXECUTE|[6]
15:18:27.0 (8313109)|HEAP_ALLOCATE|[6]|Bytes:56
15:18:27.0 (8325805)|HEAP_ALLOCATE|[6]|Bytes:27
15:18:27.0 (8363937)|HEAP_ALLOCATE|[6]|Bytes:29
15:18:27.0 (8372253)|VARIABLE_SCOPE_BEGIN|[6]|formattedDateString|String|false|false
15:18:27.0 (8394372)|VARIABLE_ASSIGNMENT|[6]|formattedDateString|"Mon, 19 Nov 2018 18: (9 more) ..."
15:18:27.0 (8400709)|STATEMENT_EXECUTE|[7]
15:18:27.0 (8403635)|HEAP_ALLOCATE|[7]|Bytes:13
15:18:27.0 (8408851)|VARIABLE_SCOPE_BEGIN|[7]|bucketname|String|false|false
15:18:27.0 (8419756)|VARIABLE_ASSIGNMENT|[7]|bucketname|"sfdc-training"
15:18:27.0 (8426432)|STATEMENT_EXECUTE|[8]
15:18:27.0 (8428690)|HEAP_ALLOCATE|[8]|Bytes:16
15:18:27.0 (8433646)|VARIABLE_SCOPE_BEGIN|[8]|host|String|false|false
15:18:27.0 (8444352)|VARIABLE_ASSIGNMENT|[8]|host|"s3.amazonaws.com"
15:18:27.0 (8449345)|STATEMENT_EXECUTE|[9]
15:18:27.0 (8451622)|HEAP_ALLOCATE|[9]|Bytes:22
15:18:27.0 (8456681)|VARIABLE_SCOPE_BEGIN|[9]|fileName|String|false|false
15:18:27.0 (8469784)|VARIABLE_ASSIGNMENT|[9]|fileName|"FinancialAdvisors.js (2 more) ..."
15:18:27.0 (8474735)|STATEMENT_EXECUTE|[10]
15:18:27.0 (8502916)|VARIABLE_SCOPE_BEGIN|[10]|req|System.HttpRequest|true|false
15:18:27.0 (8585959)|VARIABLE_ASSIGNMENT|[10]|req|"System.HttpRequest[Endpoint=null, Method=null]"|0x2880c850
15:18:27.0 (8593265)|STATEMENT_EXECUTE|[11]
15:18:27.0 (8597938)|HEAP_ALLOCATE|[11]|Bytes:3
15:18:27.0 (8647885)|STATEMENT_EXECUTE|[12]
15:18:27.0 (8652788)|HEAP_ALLOCATE|[12]|Bytes:8
15:18:27.0 (8656808)|HEAP_ALLOCATE|[12]|Bytes:1
15:18:27.0 (8662301)|HEAP_ALLOCATE|[12]|Bytes:1
15:18:27.0 (8679416)|HEAP_ALLOCATE|[12]|Bytes:61
15:18:27.0 (8701634)|STATEMENT_EXECUTE|[13]
15:18:27.0 (8704656)|HEAP_ALLOCATE|[13]|Bytes:4
15:18:27.0 (8713287)|HEAP_ALLOCATE|[13]|Bytes:30
15:18:27.0 (8741491)|STATEMENT_EXECUTE|[14]
15:18:27.0 (8744453)|HEAP_ALLOCATE|[14]|Bytes:10
15:18:27.0 (8752315)|HEAP_ALLOCATE|[14]|Bytes:10
15:18:27.0 (8770032)|STATEMENT_EXECUTE|[15]
15:18:27.0 (8772996)|HEAP_ALLOCATE|[15]|Bytes:4
15:18:27.0 (8789472)|STATEMENT_EXECUTE|[16]
15:18:27.0 (8792170)|HEAP_ALLOCATE|[16]|Bytes:3
15:18:27.0 (8797852)|HEAP_ALLOCATE|[16]|Bytes:17
15:18:27.0 (8813865)|STATEMENT_EXECUTE|[18]
15:18:27.0 (9164787)|HEAP_ALLOCATE|[18]|Bytes:8
15:18:27.0 (9188416)|VARIABLE_SCOPE_BEGIN|[18]|credentials|s3Credentials__c|true|false
15:18:27.0 (9219789)|VARIABLE_ASSIGNMENT|[18]|credentials|{"SetupOwnerId":"0051U000000q0VdQAI"}|0xa85267d
15:18:27.0 (9234299)|STATEMENT_EXECUTE|[19]
15:18:27.0 (9243150)|VARIABLE_SCOPE_BEGIN|[19]|key|String|false|false
15:18:27.0 (9258549)|VARIABLE_ASSIGNMENT|[19]|key|null
15:18:27.0 (9263983)|STATEMENT_EXECUTE|[20]
15:18:27.0 (9267252)|VARIABLE_SCOPE_BEGIN|[20]|secret|String|false|false
15:18:27.0 (9280401)|VARIABLE_ASSIGNMENT|[20]|secret|null
15:18:27.0 (9285588)|STATEMENT_EXECUTE|[22]
15:18:27.0 (9289323)|HEAP_ALLOCATE|[22]|Bytes:6
15:18:27.0 (9298014)|HEAP_ALLOCATE|[22]|Bytes:2
15:18:27.0 (9328112)|HEAP_ALLOCATE|[22]|Bytes:73
15:18:27.0 (9333316)|VARIABLE_SCOPE_BEGIN|[22]|stringToSign|String|false|false
15:18:27.0 (9350558)|VARIABLE_ASSIGNMENT|[22]|stringToSign|"GET\n\n\nMon, 19 Nov 20 (53 more) ..."
15:18:27.0 (9356067)|STATEMENT_EXECUTE|[24]
15:18:27.0 (9359413)|HEAP_ALLOCATE|[24]|Bytes:8
15:18:27.0 (9447691)|HEAP_ALLOCATE|[24]|Bytes:4
15:18:27.0 (9851512)|HEAP_ALLOCATE|[24]|Bytes:28
15:18:27.0 (9874340)|METHOD_EXIT|[12]|01p1U000001CkjI|FinancialAdvisorsCallout.getRequestCallout()
15:18:27.0 (9986053)|FATAL_ERROR|System.NullPointerException: Argument cannot be null.

Class.FinancialAdvisorsCallout.getRequestCallout: line 24, column 1
Class.FinancialAdvisorsCalloutTest.testGetRequestCallout: line 12, column 1
15:18:27.0 (10002434)|FATAL_ERROR|System.NullPointerException: Argument cannot be null.

Class.FinancialAdvisorsCallout.getRequestCallout: line 24, column 1
Class.FinancialAdvisorsCalloutTest.testGetRequestCallout: line 12, column 1
15:18:27.10 (10010085)|CUMULATIVE_LIMIT_USAGE
15:18:27.10 (10010085)|LIMIT_USAGE_FOR_NS|(default)|
  Number of SOQL queries: 0 out of 100
  Number of query rows: 0 out of 50000
  Number of SOSL queries: 0 out of 20
  Number of DML statements: 0 out of 150
  Number of DML rows: 0 out of 10000
  Maximum CPU time: 0 out of 10000
  Maximum heap size: 0 out of 6000000
  Number of callouts: 0 out of 100
  Number of Email Invocations: 0 out of 10
  Number of future calls: 0 out of 50
  Number of queueable jobs added to the queue: 0 out of 50
  Number of Mobile Apex push calls: 0 out of 10

15:18:27.10 (10010085)|CUMULATIVE_LIMIT_USAGE_END

15:18:27.0 (10053240)|CODE_UNIT_FINISHED|FinancialAdvisorsCalloutTest.testGetRequestCallout()
15:18:27.0 (10728912)|EXECUTION_FINISHED
